#
# There is insufficient memory for the Java Runtime Environment to continue.
# Native memory allocation (mmap) failed to map 70254592 bytes for committing reserved memory.
# Possible reasons:
#   The system is out of physical RAM or swap space
#   In 32 bit mode, the process size limit was hit
# Possible solutions:
#   Reduce memory load on the system
#   Increase physical memory or swap space
#   Check if swap backing store is full
#   Use 64 bit Java on a 64 bit OS
#   Decrease Java heap size (-Xmx/-Xms)
#   Decrease number of Java threads
#   Decrease Java thread stack sizes (-Xss)
#   Set larger code cache with -XX:ReservedCodeCacheSize=
# This output file may be truncated or incomplete.
#
#  Out of Memory Error (os_linux.cpp:2627), pid=7752, tid=0x00007f0b9c201700
#
# JRE version: OpenJDK Runtime Environment (8.0_76-b03) (build 1.8.0_76-release-b03)
# Java VM: OpenJDK 64-Bit Server VM (25.76-b03 mixed mode linux-amd64 compressed oops)
# Failed to write core dump. Core dumps have been disabled. To enable core dumping, try "ulimit -c unlimited" before starting Java again
#

---------------  T H R E A D  ---------------

Current thread (0x00007f0b98077800):  VMThread [stack: 0x00007f0b9c101000,0x00007f0b9c202000] [id=7791]

Stack: [0x00007f0b9c101000,0x00007f0b9c202000],  sp=0x00007f0b9c2004c0,  free space=1021k
Native frames: (J=compiled Java code, j=interpreted, Vv=VM code, C=native code)
V  [libjvm.so+0x9d9fcd]  VMError::report_and_die()+0x15d
V  [libjvm.so+0x4b4d4a]  report_vm_out_of_memory(char const*, int, unsigned long, VMErrorType, char const*)+0x8a
V  [libjvm.so+0x845190]  os::pd_commit_memory(char*, unsigned long, unsigned long, bool)+0xf0
V  [libjvm.so+0x83fcbf]  os::commit_memory(char*, unsigned long, unsigned long, bool)+0x1f
V  [libjvm.so+0x8b4d9b]  PSVirtualSpace::expand_by(unsigned long)+0x5b
V  [libjvm.so+0x8b5a10]  PSYoungGen::resize_generation(unsigned long, unsigned long)+0xb0
V  [libjvm.so+0x8b5d2b]  PSYoungGen::resize(unsigned long, unsigned long)+0x1b
V  [libjvm.so+0x8b241c]  PSScavenge::invoke_no_policy()+0xdac
V  [libjvm.so+0x8b2bf8]  PSScavenge::invoke()+0x38
V  [libjvm.so+0x8681f3]  ParallelScavengeHeap::failed_mem_allocate(unsigned long)+0x63
V  [libjvm.so+0x9dba94]  VM_ParallelGCFailedAllocation::doit()+0x84
V  [libjvm.so+0x9dfe47]  VM_Operation::evaluate()+0x47
V  [libjvm.so+0x9de908]  VMThread::evaluate_operation(VM_Operation*)+0x2c8
V  [libjvm.so+0x9ded89]  VMThread::loop()+0x219
V  [libjvm.so+0x9df1d2]  VMThread::run()+0x72
V  [libjvm.so+0x8425b2]  java_start(Thread*)+0xf2

VM_Operation (0x00007f0b88302f80): ParallelGCFailedAllocation, mode: safepoint, requested by thread 0x00007f0b9815a000


---------------  P R O C E S S  ---------------

Java Threads: ( => current thread )
  0x00007f0b9815b800 JavaThread "pool-2-thread-4" [_thread_blocked, id=7868, stack(0x00007f0b88103000,0x00007f0b88204000)]
  0x00007f0b9815a000 JavaThread "pool-2-thread-3" [_thread_blocked, id=7867, stack(0x00007f0b88204000,0x00007f0b88305000)]
  0x00007f0b98158000 JavaThread "pool-2-thread-2" [_thread_blocked, id=7866, stack(0x00007f0b88305000,0x00007f0b88406000)]
  0x00007f0b98156800 JavaThread "pool-3-thread-1" [_thread_blocked, id=7856, stack(0x00007f0b88406000,0x00007f0b88507000)]
  0x00007f0b98154800 JavaThread "pool-2-thread-1" [_thread_blocked, id=7855, stack(0x00007f0b88507000,0x00007f0b88608000)]
  0x00007f0b980d2000 JavaThread "Service Thread" daemon [_thread_blocked, id=7832, stack(0x00007f0b88721000,0x00007f0b88822000)]
  0x00007f0b980bd800 JavaThread "C1 CompilerThread2" daemon [_thread_blocked, id=7829, stack(0x00007f0b88822000,0x00007f0b88923000)]
  0x00007f0b980bb800 JavaThread "C2 CompilerThread1" daemon [_thread_blocked, id=7824, stack(0x00007f0b88923000,0x00007f0b88a24000)]
  0x00007f0b980b8800 JavaThread "C2 CompilerThread0" daemon [_thread_blocked, id=7823, stack(0x00007f0b88a24000,0x00007f0b88b25000)]
  0x00007f0b980b7000 JavaThread "Signal Dispatcher" daemon [_thread_blocked, id=7812, stack(0x00007f0b88b25000,0x00007f0b88c26000)]
  0x00007f0b98083800 JavaThread "Finalizer" daemon [_thread_blocked, id=7799, stack(0x00007f0b88eff000,0x00007f0b89000000)]
  0x00007f0b9807f000 JavaThread "Reference Handler" daemon [_thread_blocked, id=7798, stack(0x00007f0b9c000000,0x00007f0b9c101000)]
  0x00007f0b9800a000 JavaThread "main" [_thread_blocked, id=7770, stack(0x00007f0ba16af000,0x00007f0ba17b0000)]

Other Threads:
=>0x00007f0b98077800 VMThread [stack: 0x00007f0b9c101000,0x00007f0b9c202000] [id=7791]
  0x00007f0b980d4800 WatcherThread [stack: 0x00007f0b88620000,0x00007f0b88721000] [id=7833]

VM state:at safepoint (normal execution)

VM Mutex/Monitor currently owned by a thread:  ([mutex/lock_event])
[0x00007f0b980065b0] Threads_lock - owner thread: 0x00007f0b98077800
[0x00007f0b98006ab0] Heap_lock - owner thread: 0x00007f0b9815a000

Heap:
 PSYoungGen      total 68096K, used 7652K [0x00000000eab00000, 0x00000000ef600000, 0x0000000100000000)
  eden space 60416K, 0% used [0x00000000eab00000,0x00000000eab00000,0x00000000ee600000)
  from space 7680K, 99% used [0x00000000ee600000,0x00000000eed791b0,0x00000000eed80000)
  to   space 6656K, 0% used [0x00000000eed80000,0x00000000eed80000,0x00000000ef400000)
 ParOldGen       total 39936K, used 20350K [0x00000000c0000000, 0x00000000c2700000, 0x00000000eab00000)
  object space 39936K, 50% used [0x00000000c0000000,0x00000000c13df880,0x00000000c2700000)
 Metaspace       used 5885K, capacity 7024K, committed 7296K, reserved 1056768K
  class space    used 561K, capacity 616K, committed 640K, reserved 1048576K

Card table byte_map: [0x00007f0b9e353000,0x00007f0b9e554000] byte_map_base: 0x00007f0b9dd53000

Marking Bits: (ParMarkBitMap*) 0x00007f0ba0b851a0
 Begin Bits: [0x00007f0b76000000, 0x00007f0b77000000)
 End Bits:   [0x00007f0b77000000, 0x00007f0b78000000)

Polling page: 0x00007f0ba17d5000

CodeCache: size=245760Kb used=5560Kb max_used=5595Kb free=240200Kb
 bounds [0x00007f0b89000000, 0x00007f0b89580000, 0x00007f0b98000000]
 total_blobs=1664 nmethods=1403 adapters=176
 compilation: enabled

Compilation events (10 events):
Event: 52,100 Thread 0x00007f0b980b8800 nmethod 1358 0x00007f0b89565b90 code [0x00007f0b89567760, 0x00007f0b89570278]
Event: 52,303 Thread 0x00007f0b980bd800 1698       2       java.io.FilterInputStream::read (9 bytes)
Event: 52,303 Thread 0x00007f0b980bd800 nmethod 1698 0x00007f0b89550490 code [0x00007f0b89550600, 0x00007f0b89550788]
Event: 52,829 Thread 0x00007f0b980b8800 1573       4       com.android.dx.util.ByteArray$MyInputStream::read (40 bytes)
Event: 54,056 Thread 0x00007f0b980bd800 1699       2       java.util.HashMap$HashIterator::<init> (79 bytes)
Event: 54,057 Thread 0x00007f0b980bd800 nmethod 1699 0x00007f0b8954ff90 code [0x00007f0b89550100, 0x00007f0b89550370]
Event: 54,057 Thread 0x00007f0b980bd800 1700       2       java.util.Arrays::rangeCheck (74 bytes)
Event: 54,058 Thread 0x00007f0b980bd800 nmethod 1700 0x00007f0b89564fd0 code [0x00007f0b895651c0, 0x00007f0b89565788]
Event: 54,058 Thread 0x00007f0b980bd800 1701       2       sun.misc.Unsafe::getAndAddInt (27 bytes)
Event: 54,059 Thread 0x00007f0b980bd800 nmethod 1701 0x00007f0b89564bd0 code [0x00007f0b89564d40, 0x00007f0b89564f10]

GC Heap History (10 events):
Event: 26,684 GC heap after
Heap after GC invocations=2 (full 0):
 PSYoungGen      total 17408K, used 2036K [0x00000000eab00000, 0x00000000ecd00000, 0x0000000100000000)
  eden space 15360K, 0% used [0x00000000eab00000,0x00000000eab00000,0x00000000eba00000)
  from space 2048K, 99% used [0x00000000ebc00000,0x00000000ebdfd1d0,0x00000000ebe00000)
  to   space 2048K, 0% used [0x00000000eba00000,0x00000000eba00000,0x00000000ebc00000)
 ParOldGen       total 39936K, used 3184K [0x00000000c0000000, 0x00000000c2700000, 0x00000000eab00000)
  object space 39936K, 7% used [0x00000000c0000000,0x00000000c031c210,0x00000000c2700000)
 Metaspace       used 5613K, capacity 6768K, committed 7040K, reserved 1056768K
  class space    used 560K, capacity 616K, committed 640K, reserved 1048576K
}
Event: 27,955 GC heap before
{Heap before GC invocations=3 (full 0):
 PSYoungGen      total 17408K, used 17396K [0x00000000eab00000, 0x00000000ecd00000, 0x0000000100000000)
  eden space 15360K, 100% used [0x00000000eab00000,0x00000000eba00000,0x00000000eba00000)
  from space 2048K, 99% used [0x00000000ebc00000,0x00000000ebdfd1d0,0x00000000ebe00000)
  to   space 2048K, 0% used [0x00000000eba00000,0x00000000eba00000,0x00000000ebc00000)
 ParOldGen       total 39936K, used 3184K [0x00000000c0000000, 0x00000000c2700000, 0x00000000eab00000)
  object space 39936K, 7% used [0x00000000c0000000,0x00000000c031c210,0x00000000c2700000)
 Metaspace       used 5648K, capacity 6768K, committed 7040K, reserved 1056768K
  class space    used 561K, capacity 616K, committed 640K, reserved 1048576K
Event: 28,025 GC heap after
Heap after GC invocations=3 (full 0):
 PSYoungGen      total 17408K, used 2021K [0x00000000eab00000, 0x00000000ecd00000, 0x0000000100000000)
  eden space 15360K, 0% used [0x00000000eab00000,0x00000000eab00000,0x00000000eba00000)
  from space 2048K, 98% used [0x00000000eba00000,0x00000000ebbf97c0,0x00000000ebc00000)
  to   space 2048K, 0% used [0x00000000ecb00000,0x00000000ecb00000,0x00000000ecd00000)
 ParOldGen       total 39936K, used 5793K [0x00000000c0000000, 0x00000000c2700000, 0x00000000eab00000)
  object space 39936K, 14% used [0x00000000c0000000,0x00000000c05a8570,0x00000000c2700000)
 Metaspace       used 5648K, capacity 6768K, committed 7040K, reserved 1056768K
  class space    used 561K, capacity 616K, committed 640K, reserved 1048576K
}
Event: 28,767 GC heap before
{Heap before GC invocations=4 (full 0):
 PSYoungGen      total 17408K, used 17381K [0x00000000eab00000, 0x00000000ecd00000, 0x0000000100000000)
  eden space 15360K, 100% used [0x00000000eab00000,0x00000000eba00000,0x00000000eba00000)
  from space 2048K, 98% used [0x00000000eba00000,0x00000000ebbf97c0,0x00000000ebc00000)
  to   space 2048K, 0% used [0x00000000ecb00000,0x00000000ecb00000,0x00000000ecd00000)
 ParOldGen       total 39936K, used 5793K [0x00000000c0000000, 0x00000000c2700000, 0x00000000eab00000)
  object space 39936K, 14% used [0x00000000c0000000,0x00000000c05a8570,0x00000000c2700000)
 Metaspace       used 5672K, capacity 6832K, committed 7040K, reserved 1056768K
  class space    used 561K, capacity 616K, committed 640K, reserved 1048576K
Event: 28,805 GC heap after
Heap after GC invocations=4 (full 0):
 PSYoungGen      total 32768K, used 2040K [0x00000000eab00000, 0x00000000ecd00000, 0x0000000100000000)
  eden space 30720K, 0% used [0x00000000eab00000,0x00000000eab00000,0x00000000ec900000)
  from space 2048K, 99% used [0x00000000ecb00000,0x00000000eccfe080,0x00000000ecd00000)
  to   space 2048K, 0% used [0x00000000ec900000,0x00000000ec900000,0x00000000ecb00000)
 ParOldGen       total 39936K, used 8662K [0x00000000c0000000, 0x00000000c2700000, 0x00000000eab00000)
  object space 39936K, 21% used [0x00000000c0000000,0x00000000c0875ae8,0x00000000c2700000)
 Metaspace       used 5672K, capacity 6832K, committed 7040K, reserved 1056768K
  class space    used 561K, capacity 616K, committed 640K, reserved 1048576K
}
Event: 30,484 GC heap before
{Heap before GC invocations=5 (full 0):
 PSYoungGen      total 32768K, used 32760K [0x00000000eab00000, 0x00000000ecd00000, 0x0000000100000000)
  eden space 30720K, 100% used [0x00000000eab00000,0x00000000ec900000,0x00000000ec900000)
  from space 2048K, 99% used [0x00000000ecb00000,0x00000000eccfe080,0x00000000ecd00000)
  to   space 2048K, 0% used [0x00000000ec900000,0x00000000ec900000,0x00000000ecb00000)
 ParOldGen       total 39936K, used 8662K [0x00000000c0000000, 0x00000000c2700000, 0x00000000eab00000)
  object space 39936K, 21% used [0x00000000c0000000,0x00000000c0875ae8,0x00000000c2700000)
 Metaspace       used 5719K, capacity 6832K, committed 7040K, reserved 1056768K
  class space    used 561K, capacity 616K, committed 640K, reserved 1048576K
Event: 30,539 GC heap after
Heap after GC invocations=5 (full 0):
 PSYoungGen      total 32768K, used 2021K [0x00000000eab00000, 0x00000000ef400000, 0x0000000100000000)
  eden space 30720K, 0% used [0x00000000eab00000,0x00000000eab00000,0x00000000ec900000)
  from space 2048K, 98% used [0x00000000ec900000,0x00000000ecaf9568,0x00000000ecb00000)
  to   space 6656K, 0% used [0x00000000eed80000,0x00000000eed80000,0x00000000ef400000)
 ParOldGen       total 39936K, used 12829K [0x00000000c0000000, 0x00000000c2700000, 0x00000000eab00000)
  object space 39936K, 32% used [0x00000000c0000000,0x00000000c0c87428,0x00000000c2700000)
 Metaspace       used 5719K, capacity 6832K, committed 7040K, reserved 1056768K
  class space    used 561K, capacity 616K, committed 640K, reserved 1048576K
}
Event: 31,234 GC heap before
{Heap before GC invocations=6 (full 0):
 PSYoungGen      total 32768K, used 32741K [0x00000000eab00000, 0x00000000ef400000, 0x0000000100000000)
  eden space 30720K, 100% used [0x00000000eab00000,0x00000000ec900000,0x00000000ec900000)
  from space 2048K, 98% used [0x00000000ec900000,0x00000000ecaf9568,0x00000000ecb00000)
  to   space 6656K, 0% used [0x00000000eed80000,0x00000000eed80000,0x00000000ef400000)
 ParOldGen       total 39936K, used 12829K [0x00000000c0000000, 0x00000000c2700000, 0x00000000eab00000)
  object space 39936K, 32% used [0x00000000c0000000,0x00000000c0c87428,0x00000000c2700000)
 Metaspace       used 5750K, capacity 6896K, committed 7040K, reserved 1056768K
  class space    used 561K, capacity 616K, committed 640K, reserved 1048576K
Event: 31,274 GC heap after
Heap after GC invocations=6 (full 0):
 PSYoungGen      total 67072K, used 6631K [0x00000000eab00000, 0x00000000ef600000, 0x0000000100000000)
  eden space 60416K, 0% used [0x00000000eab00000,0x00000000eab00000,0x00000000ee600000)
  from space 6656K, 99% used [0x00000000eed80000,0x00000000ef3f9fd8,0x00000000ef400000)
  to   space 7680K, 0% used [0x00000000ee600000,0x00000000ee600000,0x00000000eed80000)
 ParOldGen       total 39936K, used 13081K [0x00000000c0000000, 0x00000000c2700000, 0x00000000eab00000)
  object space 39936K, 32% used [0x00000000c0000000,0x00000000c0cc6670,0x00000000c2700000)
 Metaspace       used 5750K, capacity 6896K, committed 7040K, reserved 1056768K
  class space    used 561K, capacity 616K, committed 640K, reserved 1048576K
}
Event: 54,692 GC heap before
{Heap before GC invocations=7 (full 0):
 PSYoungGen      total 67072K, used 67047K [0x00000000eab00000, 0x00000000ef600000, 0x0000000100000000)
  eden space 60416K, 100% used [0x00000000eab00000,0x00000000ee600000,0x00000000ee600000)
  from space 6656K, 99% used [0x00000000eed80000,0x00000000ef3f9fd8,0x00000000ef400000)
  to   space 7680K, 0% used [0x00000000ee600000,0x00000000ee600000,0x00000000eed80000)
 ParOldGen       total 39936K, used 13081K [0x00000000c0000000, 0x00000000c2700000, 0x00000000eab00000)
  object space 39936K, 32% used [0x00000000c0000000,0x00000000c0cc6670,0x00000000c2700000)
 Metaspace       used 5885K, capacity 7024K, committed 7296K, reserved 1056768K
  class space    used 561K, capacity 616K, committed 640K, reserved 1048576K

Deoptimization events (10 events):
Event: 27,457 Thread 0x00007f0b98154800 Uncommon trap: reason=bimorphic action=maybe_recompile pc=0x00007f0b8920ec80 method=java.util.HashMap.getNode(ILjava/lang/Object;)Ljava/util/HashMap$Node; @ 126
Event: 27,588 Thread 0x00007f0b9800a000 Uncommon trap: reason=null_check action=make_not_entrant pc=0x00007f0b892a1e34 method=com.android.dx.ssa.SsaRenamer.getLocalForNewReg(I)Lcom/android/dx/rop/code/LocalItem; @ 19
Event: 28,376 Thread 0x00007f0b9800a000 Uncommon trap: reason=unstable_if action=reinterpret pc=0x00007f0b892cb3b8 method=com.android.dx.rop.code.LocalItem.hashCode()I @ 25
Event: 28,477 Thread 0x00007f0b9800a000 Uncommon trap: reason=unstable_if action=reinterpret pc=0x00007f0b891a8778 method=java.lang.String.<init>([CII)V @ 18
Event: 28,513 Thread 0x00007f0b9800a000 Uncommon trap: reason=unstable_if action=reinterpret pc=0x00007f0b891ece8c method=java.lang.String.<init>([CII)V @ 18
Event: 28,600 Thread 0x00007f0b98154800 Uncommon trap: reason=unstable_if action=reinterpret pc=0x00007f0b8929821c method=com.android.dx.rop.cst.Constant.compareTo(Lcom/android/dx/rop/cst/Constant;)I @ 12
Event: 29,485 Thread 0x00007f0b9815b800 Uncommon trap: reason=bimorphic action=maybe_recompile pc=0x00007f0b8920ec80 method=java.util.HashMap.getNode(ILjava/lang/Object;)Ljava/util/HashMap$Node; @ 126
Event: 29,540 Thread 0x00007f0b9815a000 Uncommon trap: reason=bimorphic action=maybe_recompile pc=0x00007f0b8920ec80 method=java.util.HashMap.getNode(ILjava/lang/Object;)Ljava/util/HashMap$Node; @ 126
Event: 29,541 Thread 0x00007f0b9815a000 Uncommon trap: reason=bimorphic action=maybe_recompile pc=0x00007f0b8922ae78 method=java.util.HashMap.getNode(ILjava/lang/Object;)Ljava/util/HashMap$Node; @ 126
Event: 30,833 Thread 0x00007f0b9800a000 Uncommon trap: reason=unstable_if action=reinterpret pc=0x00007f0b893998c4 method=com.android.dx.util.IntList.binarysearch(I)I @ 105

Internal exceptions (3 events):
Event: 3,972 Thread 0x00007f0b9800a000 Exception <a 'java/lang/NoSuchMethodError': Method sun.misc.Unsafe.defineClass(Ljava/lang/String;[BII)Ljava/lang/Class; name or signature does not match> (0x00000000eab07cc0) thrown at [/ssd/Android/AOSP-openjdk/external/jetbrains/jdk/hotspot/src/share/vm
Event: 3,972 Thread 0x00007f0b9800a000 Exception <a 'java/lang/NoSuchMethodError': Method sun.misc.Unsafe.prefetchRead(Ljava/lang/Object;J)V name or signature does not match> (0x00000000eab07fa8) thrown at [/ssd/Android/AOSP-openjdk/external/jetbrains/jdk/hotspot/src/share/vm/prims/jni.cpp, li
Event: 27,588 Thread 0x00007f0b9800a000 Implicit null exception at 0x00007f0b8929ee92 to 0x00007f0b892a1df1

Events (10 events):
Event: 41,587 Thread 0x00007f0b9815b800 DEOPT UNPACKING pc=0x00007f0b89046f73 sp=0x00007f0b88201e88 mode 0
Event: 41,609 Thread 0x00007f0b98158000 DEOPT PACKING pc=0x00007f0b8926cec3 sp=0x00007f0b884042b0
Event: 41,609 Thread 0x00007f0b98158000 DEOPT UNPACKING pc=0x00007f0b89046f73 sp=0x00007f0b88404028 mode 0
Event: 41,662 Thread 0x00007f0b98158000 DEOPT PACKING pc=0x00007f0b8926cec3 sp=0x00007f0b88404220
Event: 41,662 Thread 0x00007f0b98158000 DEOPT UNPACKING pc=0x00007f0b89046f73 sp=0x00007f0b88403f98 mode 0
Event: 46,534 Thread 0x00007f0b9815a000 DEOPT PACKING pc=0x00007f0b89338350 sp=0x00007f0b88302fb0
Event: 46,534 Thread 0x00007f0b9815a000 DEOPT UNPACKING pc=0x00007f0b89046f73 sp=0x00007f0b88302cf0 mode 0
Event: 51,031 Thread 0x00007f0b9815a000 DEOPT PACKING pc=0x00007f0b893d605f sp=0x00007f0b88302f00
Event: 52,056 Thread 0x00007f0b9815a000 DEOPT UNPACKING pc=0x00007f0b89046f73 sp=0x00007f0b88302d60 mode 0
Event: 54,573 Executing VM operation: ParallelGCFailedAllocation


Dynamic libraries:
00400000-00401000 r-xp 00000000 08:05 18353672                           /opt/android-studio/jre/bin/java
00600000-00601000 r--p 00000000 08:05 18353672                           /opt/android-studio/jre/bin/java
00601000-00602000 rw-p 00001000 08:05 18353672                           /opt/android-studio/jre/bin/java
0075b000-0077c000 rw-p 00000000 00:00 0                                  [heap]
c0000000-c2700000 rw-p 00000000 00:00 0 
c2700000-eab00000 ---p 00000000 00:00 0 
eab00000-ef600000 rw-p 00000000 00:00 0 
f3900000-100000000 ---p 00000000 00:00 0 
100000000-1000a0000 rw-p 00000000 00:00 0 
1000a0000-140000000 ---p 00000000 00:00 0 
7f0b38000000-7f0b3803d000 rw-p 00000000 00:00 0 
7f0b3803d000-7f0b3c000000 ---p 00000000 00:00 0 
7f0b40000000-7f0b40029000 rw-p 00000000 00:00 0 
7f0b40029000-7f0b44000000 ---p 00000000 00:00 0 
7f0b44000000-7f0b4402f000 rw-p 00000000 00:00 0 
7f0b4402f000-7f0b48000000 ---p 00000000 00:00 0 
7f0b48000000-7f0b48024000 rw-p 00000000 00:00 0 
7f0b48024000-7f0b4c000000 ---p 00000000 00:00 0 
7f0b4c000000-7f0b4c021000 rw-p 00000000 00:00 0 
7f0b4c021000-7f0b50000000 ---p 00000000 00:00 0 
7f0b50000000-7f0b50021000 rw-p 00000000 00:00 0 
7f0b50021000-7f0b54000000 ---p 00000000 00:00 0 
7f0b54000000-7f0b54021000 rw-p 00000000 00:00 0 
7f0b54021000-7f0b58000000 ---p 00000000 00:00 0 
7f0b58000000-7f0b58ac3000 rw-p 00000000 00:00 0 
7f0b58ac3000-7f0b5c000000 ---p 00000000 00:00 0 
7f0b5c000000-7f0b5c85d000 rw-p 00000000 00:00 0 
7f0b5c85d000-7f0b60000000 ---p 00000000 00:00 0 
7f0b60000000-7f0b60021000 rw-p 00000000 00:00 0 
7f0b60021000-7f0b64000000 ---p 00000000 00:00 0 
7f0b64000000-7f0b64f28000 rw-p 00000000 00:00 0 
7f0b64f28000-7f0b68000000 ---p 00000000 00:00 0 
7f0b68000000-7f0b68021000 rw-p 00000000 00:00 0 
7f0b68021000-7f0b6c000000 ---p 00000000 00:00 0 
7f0b6c000000-7f0b6c021000 rw-p 00000000 00:00 0 
7f0b6c021000-7f0b70000000 ---p 00000000 00:00 0 
7f0b70000000-7f0b7027e000 rw-p 00000000 00:00 0 
7f0b7027e000-7f0b74000000 ---p 00000000 00:00 0 
7f0b76000000-7f0b78000000 rw-p 00000000 00:00 0 
7f0b78000000-7f0b78021000 rw-p 00000000 00:00 0 
7f0b78021000-7f0b7c000000 ---p 00000000 00:00 0 
7f0b7c000000-7f0b7c021000 rw-p 00000000 00:00 0 
7f0b7c021000-7f0b80000000 ---p 00000000 00:00 0 
7f0b80000000-7f0b80021000 rw-p 00000000 00:00 0 
7f0b80021000-7f0b84000000 ---p 00000000 00:00 0 
7f0b84000000-7f0b84021000 rw-p 00000000 00:00 0 
7f0b84021000-7f0b88000000 ---p 00000000 00:00 0 
7f0b88103000-7f0b88106000 ---p 00000000 00:00 0 
7f0b88106000-7f0b88204000 rw-p 00000000 00:00 0 
7f0b88204000-7f0b88207000 ---p 00000000 00:00 0 
7f0b88207000-7f0b88305000 rw-p 00000000 00:00 0 
7f0b88305000-7f0b88308000 ---p 00000000 00:00 0 
7f0b88308000-7f0b88406000 rw-p 00000000 00:00 0 
7f0b88406000-7f0b88409000 ---p 00000000 00:00 0 
7f0b88409000-7f0b88507000 rw-p 00000000 00:00 0 
7f0b88507000-7f0b8850a000 ---p 00000000 00:00 0 
7f0b8850a000-7f0b88608000 rw-p 00000000 00:00 0 
7f0b88608000-7f0b88612000 r--s 000a0000 08:05 14826659                   /home/raffaello/dev/workspace/DROID/BlueLock/app/build/intermediates/exploded-aar/com.android.support/appcompat-v7/25.1.0/jars/classes.jar
7f0b88612000-7f0b88620000 r--s 000e0000 08:05 15472884                   /home/raffaello/Android/Sdk/build-tools/25.0.2/lib/dx.jar
7f0b88620000-7f0b88621000 ---p 00000000 00:00 0 
7f0b88621000-7f0b88721000 rw-p 00000000 00:00 0 
7f0b88721000-7f0b88724000 ---p 00000000 00:00 0 
7f0b88724000-7f0b88822000 rw-p 00000000 00:00 0 
7f0b88822000-7f0b88825000 ---p 00000000 00:00 0 
7f0b88825000-7f0b88923000 rw-p 00000000 00:00 0 
7f0b88923000-7f0b88926000 ---p 00000000 00:00 0 
7f0b88926000-7f0b88a24000 rw-p 00000000 00:00 0 
7f0b88a24000-7f0b88a27000 ---p 00000000 00:00 0 
7f0b88a27000-7f0b88b25000 rw-p 00000000 00:00 0 
7f0b88b25000-7f0b88b28000 ---p 00000000 00:00 0 
7f0b88b28000-7f0b88c26000 rw-p 00000000 00:00 0 
7f0b88c26000-7f0b88eff000 r--p 00000000 08:05 263493                     /usr/lib/locale/locale-archive
7f0b88eff000-7f0b88f02000 ---p 00000000 00:00 0 
7f0b88f02000-7f0b89000000 rw-p 00000000 00:00 0 
7f0b89000000-7f0b89580000 rwxp 00000000 00:00 0 
7f0b89580000-7f0b98000000 ---p 00000000 00:00 0 
7f0b98000000-7f0b98390000 rw-p 00000000 00:00 0 
7f0b98390000-7f0b9c000000 ---p 00000000 00:00 0 
7f0b9c000000-7f0b9c003000 ---p 00000000 00:00 0 
7f0b9c003000-7f0b9c101000 rw-p 00000000 00:00 0 
7f0b9c101000-7f0b9c102000 ---p 00000000 00:00 0 
7f0b9c102000-7f0b9d1b6000 rw-p 00000000 00:00 0 
7f0b9d1b6000-7f0b9d383000 r--s 03bec000 08:05 18353729                   /opt/android-studio/jre/jre/lib/rt.jar
7f0b9d383000-7f0b9da79000 rw-p 00000000 00:00 0 
7f0b9da79000-7f0b9dbf9000 ---p 00000000 00:00 0 
7f0b9dbf9000-7f0b9ddf9000 rw-p 00000000 00:00 0 
7f0b9ddf9000-7f0b9ddfa000 ---p 00000000 00:00 0 
7f0b9ddfa000-7f0b9defa000 rw-p 00000000 00:00 0 
7f0b9defa000-7f0b9defb000 ---p 00000000 00:00 0 
7f0b9defb000-7f0b9dffb000 rw-p 00000000 00:00 0 
7f0b9dffb000-7f0b9dffc000 ---p 00000000 00:00 0 
7f0b9dffc000-7f0b9e0fc000 rw-p 00000000 00:00 0 
7f0b9e0fc000-7f0b9e0fd000 ---p 00000000 00:00 0 
7f0b9e0fd000-7f0b9e211000 rw-p 00000000 00:00 0 
7f0b9e211000-7f0b9e353000 ---p 00000000 00:00 0 
7f0b9e353000-7f0b9e367000 rw-p 00000000 00:00 0 
7f0b9e367000-7f0b9e4a8000 ---p 00000000 00:00 0 
7f0b9e4a8000-7f0b9e4ce000 rw-p 00000000 00:00 0 
7f0b9e4ce000-7f0b9e553000 ---p 00000000 00:00 0 
7f0b9e553000-7f0b9e56a000 rw-p 00000000 00:00 0 
7f0b9e56a000-7f0b9e914000 ---p 00000000 00:00 0 
7f0b9e914000-7f0b9e92e000 r-xp 00000000 08:05 18353756                   /opt/android-studio/jre/jre/lib/amd64/libzip.so
7f0b9e92e000-7f0b9eb2e000 ---p 0001a000 08:05 18353756                   /opt/android-studio/jre/jre/lib/amd64/libzip.so
7f0b9eb2e000-7f0b9eb2f000 r--p 0001a000 08:05 18353756                   /opt/android-studio/jre/jre/lib/amd64/libzip.so
7f0b9eb2f000-7f0b9eb30000 rw-p 0001b000 08:05 18353756                   /opt/android-studio/jre/jre/lib/amd64/libzip.so
7f0b9eb30000-7f0b9eb3b000 r-xp 00000000 08:05 9306318                    /lib/x86_64-linux-gnu/libnss_files-2.23.so
7f0b9eb3b000-7f0b9ed3a000 ---p 0000b000 08:05 9306318                    /lib/x86_64-linux-gnu/libnss_files-2.23.so
7f0b9ed3a000-7f0b9ed3b000 r--p 0000a000 08:05 9306318                    /lib/x86_64-linux-gnu/libnss_files-2.23.so
7f0b9ed3b000-7f0b9ed3c000 rw-p 0000b000 08:05 9306318                    /lib/x86_64-linux-gnu/libnss_files-2.23.so
7f0b9ed3c000-7f0b9ed42000 rw-p 00000000 00:00 0 
7f0b9ed42000-7f0b9ed4d000 r-xp 00000000 08:05 9306297                    /lib/x86_64-linux-gnu/libnss_nis-2.23.so
7f0b9ed4d000-7f0b9ef4c000 ---p 0000b000 08:05 9306297                    /lib/x86_64-linux-gnu/libnss_nis-2.23.so
7f0b9ef4c000-7f0b9ef4d000 r--p 0000a000 08:05 9306297                    /lib/x86_64-linux-gnu/libnss_nis-2.23.so
7f0b9ef4d000-7f0b9ef4e000 rw-p 0000b000 08:05 9306297                    /lib/x86_64-linux-gnu/libnss_nis-2.23.so
7f0b9ef4e000-7f0b9ef64000 r-xp 00000000 08:05 9306314                    /lib/x86_64-linux-gnu/libnsl-2.23.so
7f0b9ef64000-7f0b9f163000 ---p 00016000 08:05 9306314                    /lib/x86_64-linux-gnu/libnsl-2.23.so
7f0b9f163000-7f0b9f164000 r--p 00015000 08:05 9306314                    /lib/x86_64-linux-gnu/libnsl-2.23.so
7f0b9f164000-7f0b9f165000 rw-p 00016000 08:05 9306314                    /lib/x86_64-linux-gnu/libnsl-2.23.so
7f0b9f165000-7f0b9f167000 rw-p 00000000 00:00 0 
7f0b9f167000-7f0b9f16f000 r-xp 00000000 08:05 9306315                    /lib/x86_64-linux-gnu/libnss_compat-2.23.so
7f0b9f16f000-7f0b9f36e000 ---p 00008000 08:05 9306315                    /lib/x86_64-linux-gnu/libnss_compat-2.23.so
7f0b9f36e000-7f0b9f36f000 r--p 00007000 08:05 9306315                    /lib/x86_64-linux-gnu/libnss_compat-2.23.so
7f0b9f36f000-7f0b9f370000 rw-p 00008000 08:05 9306315                    /lib/x86_64-linux-gnu/libnss_compat-2.23.so
7f0b9f370000-7f0b9f39d000 r-xp 00000000 08:05 18353766                   /opt/android-studio/jre/jre/lib/amd64/libjava.so
7f0b9f39d000-7f0b9f59c000 ---p 0002d000 08:05 18353766                   /opt/android-studio/jre/jre/lib/amd64/libjava.so
7f0b9f59c000-7f0b9f59d000 r--p 0002c000 08:05 18353766                   /opt/android-studio/jre/jre/lib/amd64/libjava.so
7f0b9f59d000-7f0b9f59f000 rw-p 0002d000 08:05 18353766                   /opt/android-studio/jre/jre/lib/amd64/libjava.so
7f0b9f59f000-7f0b9f5af000 r-xp 00000000 08:05 18353782                   /opt/android-studio/jre/jre/lib/amd64/libverify.so
7f0b9f5af000-7f0b9f7ae000 ---p 00010000 08:05 18353782                   /opt/android-studio/jre/jre/lib/amd64/libverify.so
7f0b9f7ae000-7f0b9f7b0000 r--p 0000f000 08:05 18353782                   /opt/android-studio/jre/jre/lib/amd64/libverify.so
7f0b9f7b0000-7f0b9f7b1000 rw-p 00011000 08:05 18353782                   /opt/android-studio/jre/jre/lib/amd64/libverify.so
7f0b9f7b1000-7f0b9f7b8000 r-xp 00000000 08:05 9306296                    /lib/x86_64-linux-gnu/librt-2.23.so
7f0b9f7b8000-7f0b9f9b7000 ---p 00007000 08:05 9306296                    /lib/x86_64-linux-gnu/librt-2.23.so
7f0b9f9b7000-7f0b9f9b8000 r--p 00006000 08:05 9306296                    /lib/x86_64-linux-gnu/librt-2.23.so
7f0b9f9b8000-7f0b9f9b9000 rw-p 00007000 08:05 9306296                    /lib/x86_64-linux-gnu/librt-2.23.so
7f0b9f9b9000-7f0b9fac1000 r-xp 00000000 08:05 9306312                    /lib/x86_64-linux-gnu/libm-2.23.so
7f0b9fac1000-7f0b9fcc0000 ---p 00108000 08:05 9306312                    /lib/x86_64-linux-gnu/libm-2.23.so
7f0b9fcc0000-7f0b9fcc1000 r--p 00107000 08:05 9306312                    /lib/x86_64-linux-gnu/libm-2.23.so
7f0b9fcc1000-7f0b9fcc2000 rw-p 00108000 08:05 9306312                    /lib/x86_64-linux-gnu/libm-2.23.so
7f0b9fcc2000-7f0ba08a8000 r-xp 00000000 08:05 18353786                   /opt/android-studio/jre/jre/lib/amd64/server/libjvm.so
7f0ba08a8000-7f0ba0aa8000 ---p 00be6000 08:05 18353786                   /opt/android-studio/jre/jre/lib/amd64/server/libjvm.so
7f0ba0aa8000-7f0ba0b47000 r--p 00be6000 08:05 18353786                   /opt/android-studio/jre/jre/lib/amd64/server/libjvm.so
7f0ba0b47000-7f0ba0b70000 rw-p 00c85000 08:05 18353786                   /opt/android-studio/jre/jre/lib/amd64/server/libjvm.so
7f0ba0b70000-7f0ba0bb2000 rw-p 00000000 00:00 0 
7f0ba0bb2000-7f0ba0bca000 r-xp 00000000 08:05 9306313                    /lib/x86_64-linux-gnu/libpthread-2.23.so
7f0ba0bca000-7f0ba0dc9000 ---p 00018000 08:05 9306313                    /lib/x86_64-linux-gnu/libpthread-2.23.so
7f0ba0dc9000-7f0ba0dca000 r--p 00017000 08:05 9306313                    /lib/x86_64-linux-gnu/libpthread-2.23.so
7f0ba0dca000-7f0ba0dcb000 rw-p 00018000 08:05 9306313                    /lib/x86_64-linux-gnu/libpthread-2.23.so
7f0ba0dcb000-7f0ba0dcf000 rw-p 00000000 00:00 0 
7f0ba0dcf000-7f0ba0dd2000 r-xp 00000000 08:05 9306301                    /lib/x86_64-linux-gnu/libdl-2.23.so
7f0ba0dd2000-7f0ba0fd1000 ---p 00003000 08:05 9306301                    /lib/x86_64-linux-gnu/libdl-2.23.so
7f0ba0fd1000-7f0ba0fd2000 r--p 00002000 08:05 9306301                    /lib/x86_64-linux-gnu/libdl-2.23.so
7f0ba0fd2000-7f0ba0fd3000 rw-p 00003000 08:05 9306301                    /lib/x86_64-linux-gnu/libdl-2.23.so
7f0ba0fd3000-7f0ba1192000 r-xp 00000000 08:05 9306304                    /lib/x86_64-linux-gnu/libc-2.23.so
7f0ba1192000-7f0ba1392000 ---p 001bf000 08:05 9306304                    /lib/x86_64-linux-gnu/libc-2.23.so
7f0ba1392000-7f0ba1396000 r--p 001bf000 08:05 9306304                    /lib/x86_64-linux-gnu/libc-2.23.so
7f0ba1396000-7f0ba1398000 rw-p 001c3000 08:05 9306304                    /lib/x86_64-linux-gnu/libc-2.23.so
7f0ba1398000-7f0ba139c000 rw-p 00000000 00:00 0 
7f0ba139c000-7f0ba13b2000 r-xp 00000000 08:05 18353646                   /opt/android-studio/jre/lib/amd64/jli/libjli.so
7f0ba13b2000-7f0ba15b1000 ---p 00016000 08:05 18353646                   /opt/android-studio/jre/lib/amd64/jli/libjli.so
7f0ba15b1000-7f0ba15b2000 r--p 00015000 08:05 18353646                   /opt/android-studio/jre/lib/amd64/jli/libjli.so
7f0ba15b2000-7f0ba15b3000 rw-p 00016000 08:05 18353646                   /opt/android-studio/jre/lib/amd64/jli/libjli.so
7f0ba15b3000-7f0ba15d9000 r-xp 00000000 08:05 9306286                    /lib/x86_64-linux-gnu/ld-2.23.so
7f0ba15df000-7f0ba16af000 rw-p 00000000 00:00 0 
7f0ba16af000-7f0ba16b2000 ---p 00000000 00:00 0 
7f0ba16b2000-7f0ba17b4000 rw-p 00000000 00:00 0 
7f0ba17b8000-7f0ba17cc000 rw-p 00000000 00:00 0 
7f0ba17cc000-7f0ba17d4000 rw-s 00000000 08:05 15472935                   /tmp/hsperfdata_raffaello/7752
7f0ba17d4000-7f0ba17d5000 rw-p 00000000 00:00 0 
7f0ba17d5000-7f0ba17d6000 ---p 00000000 00:00 0 
7f0ba17d6000-7f0ba17d8000 rw-p 00000000 00:00 0 
7f0ba17d8000-7f0ba17d9000 r--p 00025000 08:05 9306286                    /lib/x86_64-linux-gnu/ld-2.23.so
7f0ba17d9000-7f0ba17da000 rw-p 00026000 08:05 9306286                    /lib/x86_64-linux-gnu/ld-2.23.so
7f0ba17da000-7f0ba17db000 rw-p 00000000 00:00 0 
7ffe86f0e000-7ffe86f30000 rw-p 00000000 00:00 0                          [stack]
7ffe86f54000-7ffe86f56000 r--p 00000000 00:00 0                          [vvar]
7ffe86f56000-7ffe86f58000 r-xp 00000000 00:00 0                          [vdso]
ffffffffff600000-ffffffffff601000 r-xp 00000000 00:00 0                  [vsyscall]

VM Arguments:
jvm_args: -Djava.awt.headless=true -Xmx1024M -Dfile.encoding=UTF-8 -Duser.country=US -Duser.language=en -Duser.variant 
java_command: com.android.dx.command.Main --dex --force-jumbo --num-threads=4 --multi-dex --output /home/raffaello/dev/workspace/DROID/BlueLock/app/build/intermediates/transforms/dex/debug/folders/1000/10/com.android.support-appcompat-v7-25.1.0_cdb5e54e90698c0b31f5e89d717e4861a4174068 /home/raffaello/dev/workspace/DROID/BlueLock/app/build/intermediates/exploded-aar/com.android.support/appcompat-v7/25.1.0/jars/classes.jar
java_class_path (initial): /home/raffaello/Android/Sdk/build-tools/25.0.2/lib/dx.jar
Launcher Type: SUN_STANDARD

Environment Variables:
PATH=/home/raffaello/bin:/home/raffaello/.local/bin:/usr/local/sbin:/usr/local/bin:/usr/sbin:/usr/bin:/sbin:/bin:/usr/games:/usr/local/games:/snap/bin:/usr/brlcad/bin
LD_LIBRARY_PATH=.:
SHELL=/bin/bash
DISPLAY=:0.0

Signal Handlers:
SIGSEGV: [libjvm.so+0x9daac0], sa_mask[0]=11111111011111111101111111111110, sa_flags=SA_RESTART|SA_SIGINFO
SIGBUS: [libjvm.so+0x9daac0], sa_mask[0]=11111111011111111101111111111110, sa_flags=SA_RESTART|SA_SIGINFO
SIGFPE: [libjvm.so+0x840d90], sa_mask[0]=11111111011111111101111111111110, sa_flags=SA_RESTART|SA_SIGINFO
SIGPIPE: [libjvm.so+0x840d90], sa_mask[0]=11111111011111111101111111111110, sa_flags=SA_RESTART|SA_SIGINFO
SIGXFSZ: [libjvm.so+0x840d90], sa_mask[0]=11111111011111111101111111111110, sa_flags=SA_RESTART|SA_SIGINFO
SIGILL: [libjvm.so+0x840d90], sa_mask[0]=11111111011111111101111111111110, sa_flags=SA_RESTART|SA_SIGINFO
SIGUSR1: SIG_DFL, sa_mask[0]=00000000000000000000000000000000, sa_flags=none
SIGUSR2: [libjvm.so+0x840c60], sa_mask[0]=00100000000000000000000000000000, sa_flags=SA_RESTART|SA_SIGINFO
SIGHUP: [libjvm.so+0x840e50], sa_mask[0]=11111111011111111101111111111110, sa_flags=SA_RESTART|SA_SIGINFO
SIGINT: [libjvm.so+0x840e50], sa_mask[0]=11111111011111111101111111111110, sa_flags=SA_RESTART|SA_SIGINFO
SIGTERM: [libjvm.so+0x840e50], sa_mask[0]=11111111011111111101111111111110, sa_flags=SA_RESTART|SA_SIGINFO
SIGQUIT: [libjvm.so+0x840e50], sa_mask[0]=11111111011111111101111111111110, sa_flags=SA_RESTART|SA_SIGINFO


---------------  S Y S T E M  ---------------

OS:DISTRIB_ID=Ubuntu
DISTRIB_RELEASE=16.04
DISTRIB_CODENAME=xenial
DISTRIB_DESCRIPTION="Ubuntu 16.04.1 LTS"

uname:Linux 4.9.8-040908-generic #201702040431 SMP Sat Feb 4 09:32:59 UTC 2017 x86_64
libc:glibc 2.23 NPTL 2.23 
rlimit: STACK 8192k, CORE 0k, NPROC 14423, NOFILE 65536, AS infinity
load average:32,13 11,10 5,24

/proc/meminfo:
MemTotal:        3793340 kB
MemFree:          133304 kB
MemAvailable:      68540 kB
Buffers:            3180 kB
Cached:           188208 kB
SwapCached:         4156 kB
Active:          2819012 kB
Inactive:         649068 kB
Active(anon):    2809116 kB
Inactive(anon):   581520 kB
Active(file):       9896 kB
Inactive(file):    67548 kB
Unevictable:         208 kB
Mlocked:             208 kB
SwapTotal:       1000444 kB
SwapFree:         299976 kB
Dirty:               104 kB
Writeback:           128 kB
AnonPages:       3273384 kB
Mapped:           128360 kB
Shmem:            113768 kB
Slab:              84776 kB
SReclaimable:      40612 kB
SUnreclaim:        44164 kB
KernelStack:       14480 kB
PageTables:        48100 kB
NFS_Unstable:          0 kB
Bounce:                0 kB
WritebackTmp:          0 kB
CommitLimit:     2897112 kB
Committed_AS:    8964136 kB
VmallocTotal:   34359738367 kB
VmallocUsed:           0 kB
VmallocChunk:          0 kB
HardwareCorrupted:     0 kB
AnonHugePages:    770048 kB
ShmemHugePages:        0 kB
ShmemPmdMapped:        0 kB
CmaTotal:              0 kB
CmaFree:               0 kB
HugePages_Total:       0
HugePages_Free:        0
HugePages_Rsvd:        0
HugePages_Surp:        0
Hugepagesize:       2048 kB
DirectMap4k:      166592 kB
DirectMap2M:     3907584 kB


CPU:total 4 (4 cores per cpu, 1 threads per core) family 6 model 55 stepping 8, cmov, cx8, fxsr, mmx, sse, sse2, sse3, ssse3, sse4.1, sse4.2, popcnt, clmul, erms, 3dnowpref, tsc, tscinvbit

/proc/cpuinfo:
processor	: 0
vendor_id	: GenuineIntel
cpu family	: 6
model		: 55
model name	: Intel(R) Pentium(R) CPU  N3530  @ 2.16GHz
stepping	: 8
microcode	: 0x833
cpu MHz		: 2582.198
cache size	: 1024 KB
physical id	: 0
siblings	: 4
core id		: 0
cpu cores	: 4
apicid		: 0
initial apicid	: 0
fpu		: yes
fpu_exception	: yes
cpuid level	: 11
wp		: yes
flags		: fpu vme de pse tsc msr pae mce cx8 apic sep mtrr pge mca cmov pat pse36 clflush dts acpi mmx fxsr sse sse2 ss ht tm pbe syscall nx rdtscp lm constant_tsc arch_perfmon pebs bts rep_good nopl xtopology nonstop_tsc aperfmperf eagerfpu pni pclmulqdq dtes64 monitor ds_cpl vmx est tm2 ssse3 cx16 xtpr pdcm sse4_1 sse4_2 movbe popcnt tsc_deadline_timer rdrand lahf_lm 3dnowprefetch epb tpr_shadow vnmi flexpriority ept vpid tsc_adjust smep erms dtherm ida arat
bugs		:
bogomips	: 4331.60
clflush size	: 64
cache_alignment	: 64
address sizes	: 36 bits physical, 48 bits virtual
power management:

processor	: 1
vendor_id	: GenuineIntel
cpu family	: 6
model		: 55
model name	: Intel(R) Pentium(R) CPU  N3530  @ 2.16GHz
stepping	: 8
microcode	: 0x833
cpu MHz		: 2582.594
cache size	: 1024 KB
physical id	: 0
siblings	: 4
core id		: 1
cpu cores	: 4
apicid		: 2
initial apicid	: 2
fpu		: yes
fpu_exception	: yes
cpuid level	: 11
wp		: yes
flags		: fpu vme de pse tsc msr pae mce cx8 apic sep mtrr pge mca cmov pat pse36 clflush dts acpi mmx fxsr sse sse2 ss ht tm pbe syscall nx rdtscp lm constant_tsc arch_perfmon pebs bts rep_good nopl xtopology nonstop_tsc aperfmperf eagerfpu pni pclmulqdq dtes64 monitor ds_cpl vmx est tm2 ssse3 cx16 xtpr pdcm sse4_1 sse4_2 movbe popcnt tsc_deadline_timer rdrand lahf_lm 3dnowprefetch epb tpr_shadow vnmi flexpriority ept vpid tsc_adjust smep erms dtherm ida arat
bugs		:
bogomips	: 4333.87
clflush size	: 64
cache_alignment	: 64
address sizes	: 36 bits physical, 48 bits virtual
power management:

processor	: 2
vendor_id	: GenuineIntel
cpu family	: 6
model		: 55
model name	: Intel(R) Pentium(R) CPU  N3530  @ 2.16GHz
stepping	: 8
microcode	: 0x833
cpu MHz		: 2582.198
cache size	: 1024 KB
physical id	: 0
siblings	: 4
core id		: 2
cpu cores	: 4
apicid		: 4
initial apicid	: 4
fpu		: yes
fpu_exception	: yes
cpuid level	: 11
wp		: yes
flags		: fpu vme de pse tsc msr pae mce cx8 apic sep mtrr pge mca cmov pat pse36 clflush dts acpi mmx fxsr sse sse2 ss ht tm pbe syscall nx rdtscp lm constant_tsc arch_perfmon pebs bts rep_good nopl xtopology nonstop_tsc aperfmperf eagerfpu pni pclmulqdq dtes64 monitor ds_cpl vmx est tm2 ssse3 cx16 xtpr pdcm sse4_1 sse4_2 movbe popcnt tsc_deadline_timer rdrand lahf_lm 3dnowprefetch epb tpr_shadow vnmi flexpriority ept vpid tsc_adjust smep erms dtherm ida arat
bugs		:
bogomips	: 4333.95
clflush size	: 64
cache_alignment	: 64
address sizes	: 36 bits physical, 48 bits virtual
power management:

processor	: 3
vendor_id	: GenuineIntel
cpu family	: 6
model		: 55
model name	: Intel(R) Pentium(R) CPU  N3530  @ 2.16GHz
stepping	: 8
microcode	: 0x833
cpu MHz		: 2582.330
cache size	: 1024 KB
physical id	: 0
siblings	: 4
core id		: 3
cpu cores	: 4
apicid		: 6
initial apicid	: 6
fpu		: yes
fpu_exception	: yes
cpuid level	: 11
wp		: yes
flags		: fpu vme de pse tsc msr pae mce cx8 apic sep mtrr pge mca cmov pat pse36 clflush dts acpi mmx fxsr sse sse2 ss ht tm pbe syscall nx rdtscp lm constant_tsc arch_perfmon pebs bts rep_good nopl xtopology nonstop_tsc aperfmperf eagerfpu pni pclmulqdq dtes64 monitor ds_cpl vmx est tm2 ssse3 cx16 xtpr pdcm sse4_1 sse4_2 movbe popcnt tsc_deadline_timer rdrand lahf_lm 3dnowprefetch epb tpr_shadow vnmi flexpriority ept vpid tsc_adjust smep erms dtherm ida arat
bugs		:
bogomips	: 4334.02
clflush size	: 64
cache_alignment	: 64
address sizes	: 36 bits physical, 48 bits virtual
power management:



Memory: 4k page, physical 3793340k(133304k free), swap 1000444k(299976k free)

vm_info: OpenJDK 64-Bit Server VM (25.76-b03) for linux-amd64 JRE (1.8.0_76-release-b03), built on Jun 29 2016 09:39:19 by "builder" with gcc 4.8.4

time: Fri Feb 10 23:25:41 2017
elapsed time: 79 seconds (0d 0h 1m 19s)

